<?xml version="1.0" encoding="UTF-8"?>
<testng-results ignored="0" total="1" passed="1" failed="0" skipped="0">
  <reporter-output>
  </reporter-output>
  <suite started-at="2024-08-26T18:55:39 IST" name="Default suite" finished-at="2024-08-26T18:56:20 IST" duration-ms="40483">
    <groups>
      <group name="cucumber">
        <method signature="AbstractTestNGCucumberTests.runScenario(io.cucumber.testng.PickleWrapper,io.cucumber.testng.FeatureWrapper)[pri:0, instance:TestRunner.Test1@6f36c2f0]" name="runScenario" class="io.cucumber.testng.AbstractTestNGCucumberTests"/>
      </group> <!-- cucumber -->
    </groups>
    <test started-at="2024-08-26T18:55:39 IST" name="Default test" finished-at="2024-08-26T18:56:20 IST" duration-ms="40483">
      <class name="TestRunner.Test1">
        <test-method is-config="true" signature="setUpClass(org.testng.ITestContext)[pri:0, instance:TestRunner.Test1@6f36c2f0]" started-at="2024-08-26T18:55:39 IST" name="setUpClass" finished-at="2024-08-26T18:55:40 IST" duration-ms="551" status="PASS">
          <params>
            <param index="0">
              <value>
                <![CDATA[org.testng.TestRunner@67e77f52]]>
              </value>
            </param>
          </params>
          <reporter-output>
          </reporter-output>
        </test-method> <!-- setUpClass -->
        <test-method signature="runScenario(io.cucumber.testng.PickleWrapper,io.cucumber.testng.FeatureWrapper)[pri:0, instance:TestRunner.Test1@6f36c2f0]" started-at="2024-08-26T18:55:40 IST" name="runScenario" description="Runs Cucumber Scenarios" data-provider="scenarios" finished-at="2024-08-26T18:56:19 IST" duration-ms="39760" status="PASS">
          <params>
            <param index="0">
              <value>
                <![CDATA["Scenario to check search functionality"]]>
              </value>
            </param>
            <param index="1">
              <value>
                <![CDATA["To test the title of the application"]]>
              </value>
            </param>
          </params>
          <reporter-output>
          </reporter-output>
        </test-method> <!-- runScenario -->
        <test-method is-config="true" signature="tearDownClass()[pri:0, instance:TestRunner.Test1@6f36c2f0]" started-at="2024-08-26T18:56:20 IST" name="tearDownClass" finished-at="2024-08-26T18:56:20 IST" duration-ms="47" status="PASS">
          <reporter-output>
          </reporter-output>
        </test-method> <!-- tearDownClass -->
      </class> <!-- TestRunner.Test1 -->
    </test> <!-- Default test -->
  </suite> <!-- Default suite -->
</testng-results>
